#
# There is insufficient memory for the Java Runtime Environment to continue.
# Native memory allocation (malloc) failed to allocate 184416 bytes for Chunk::new
# Possible reasons:
#   The system is out of physical RAM or swap space
#   In 32 bit mode, the process size limit was hit
# Possible solutions:
#   Reduce memory load on the system
#   Increase physical memory or swap space
#   Check if swap backing store is full
#   Use 64 bit Java on a 64 bit OS
#   Decrease Java heap size (-Xmx/-Xms)
#   Decrease number of Java threads
#   Decrease Java thread stack sizes (-Xss)
#   Set larger code cache with -XX:ReservedCodeCacheSize=
# This output file may be truncated or incomplete.
#
#  Out of Memory Error (allocation.cpp:390), pid=7336, tid=9496
#
# JRE version: Java(TM) SE Runtime Environment (8.0_91-b14) (build 1.8.0_91-b14)
# Java VM: Java HotSpot(TM) 64-Bit Server VM (25.91-b14 mixed mode windows-amd64 compressed oops)
# Failed to write core dump. Minidumps are not enabled by default on client versions of Windows
#

---------------  T H R E A D  ---------------

Current thread (0x000000001522a000):  JavaThread "C2 CompilerThread1" daemon [_thread_in_native, id=9496, stack(0x0000000016980000,0x0000000016a80000)]

Stack: [0x0000000016980000,0x0000000016a80000]
[error occurred during error reporting (printing stack bounds), id 0xc0000005]

Native frames: (J=compiled Java code, j=interpreted, Vv=VM code, C=native code)


Current CompileTask:
C2:   4665 1229       4       com.android.dx.ssa.SCCP::simulateBranch (666 bytes)


---------------  P R O C E S S  ---------------

Java Threads: ( => current thread )
  0x0000000016df8800 JavaThread "pool-2-thread-4" [_thread_in_Java, id=10120, stack(0x0000000017580000,0x0000000017680000)]
  0x0000000016df8000 JavaThread "pool-2-thread-3" [_thread_blocked, id=10860, stack(0x0000000017480000,0x0000000017580000)]
  0x0000000016df7000 JavaThread "pool-2-thread-2" [_thread_blocked, id=9012, stack(0x0000000017380000,0x0000000017480000)]
  0x0000000016dfa800 JavaThread "pool-3-thread-1" [_thread_blocked, id=10372, stack(0x0000000017280000,0x0000000017380000)]
  0x0000000016df2800 JavaThread "pool-2-thread-1" [_thread_in_Java, id=9716, stack(0x0000000017180000,0x0000000017280000)]
  0x0000000016b86000 JavaThread "Service Thread" daemon [_thread_blocked, id=7828, stack(0x0000000016f80000,0x0000000017080000)]
  0x000000001528e000 JavaThread "C1 CompilerThread2" daemon [_thread_blocked, id=2672, stack(0x0000000016a80000,0x0000000016b80000)]
=>0x000000001522a000 JavaThread "C2 CompilerThread1" daemon [_thread_in_native, id=9496, stack(0x0000000016980000,0x0000000016a80000)]
  0x0000000015239800 JavaThread "C2 CompilerThread0" daemon [_thread_in_native, id=9768, stack(0x0000000016880000,0x0000000016980000)]
  0x0000000015237800 JavaThread "Attach Listener" daemon [_thread_blocked, id=4200, stack(0x0000000016780000,0x0000000016880000)]
  0x0000000015236800 JavaThread "Signal Dispatcher" daemon [_thread_blocked, id=10364, stack(0x0000000016680000,0x0000000016780000)]
  0x000000001521a000 JavaThread "Finalizer" daemon [_thread_blocked, id=2936, stack(0x0000000016480000,0x0000000016580000)]
  0x0000000002b50000 JavaThread "Reference Handler" daemon [_thread_blocked, id=196, stack(0x0000000016380000,0x0000000016480000)]
  0x000000000120d800 JavaThread "main" [_thread_in_native, id=7068, stack(0x0000000002960000,0x0000000002a60000)]

Other Threads:
  0x00000000151f7800 VMThread [stack: 0x0000000016280000,0x0000000016380000] [id=8044]
  0x0000000016b93000 WatcherThread [stack: 0x0000000017080000,0x0000000017180000] [id=1084]

VM state:not at safepoint (normal execution)

VM Mutex/Monitor currently owned by a thread: None

Heap:
 PSYoungGen      total 38400K, used 36272K [0x00000000eab00000, 0x00000000ed580000, 0x0000000100000000)
  eden space 33280K, 93% used [0x00000000eab00000,0x00000000ec96e560,0x00000000ecb80000)
  from space 5120K, 99% used [0x00000000ecb80000,0x00000000ed07dca8,0x00000000ed080000)
  to   space 5120K, 0% used [0x00000000ed080000,0x00000000ed080000,0x00000000ed580000)
 ParOldGen       total 87552K, used 1604K [0x00000000c0000000, 0x00000000c5580000, 0x00000000eab00000)
  object space 87552K, 1% used [0x00000000c0000000,0x00000000c0191268,0x00000000c5580000)
 Metaspace       used 6042K, capacity 7024K, committed 7296K, reserved 1058816K
  class space    used 592K, capacity 616K, committed 640K, reserved 1048576K

Card table byte_map: [0x0000000011f20000,0x0000000012130000] byte_map_base: 0x0000000011920000

Marking Bits: (ParMarkBitMap*) 0x0000000062572f70
 Begin Bits: [0x0000000012690000, 0x0000000013690000)
 End Bits:   [0x0000000013690000, 0x0000000014690000)

Polling page: 0x0000000001170000

CodeCache: size=245760Kb used=5538Kb max_used=5538Kb free=240221Kb
 bounds [0x0000000002b60000, 0x00000000030d0000, 0x0000000011b60000]
 total_blobs=1639 nmethods=1369 adapters=182
 compilation: disabled (not enough contiguous free space left)

Compilation events (10 events):
Event: 4.513 Thread 0x000000001528e000 nmethod 1354 0x00000000030bb090 code [0x00000000030bb1e0, 0x00000000030bb2f0]
Event: 4.513 Thread 0x000000001528e000 1341       3       com.android.dx.cf.code.ConcreteMethod::getMaxLocals (8 bytes)
Event: 4.513 Thread 0x000000001528e000 nmethod 1341 0x00000000030bb350 code [0x00000000030bb4a0, 0x00000000030bb690]
Event: 4.513 Thread 0x000000001528e000 1350       1       sun.util.calendar.CalendarDate::getDayOfMonth (5 bytes)
Event: 4.513 Thread 0x000000001528e000 nmethod 1350 0x00000000030bb750 code [0x00000000030bb8a0, 0x00000000030bb9b0]
Event: 4.513 Thread 0x000000001528e000 1343       3       com.android.dx.rop.code.BasicBlockList::<init> (11 bytes)
Event: 4.514 Thread 0x000000001528e000 nmethod 1343 0x00000000030bba10 code [0x00000000030bbb80, 0x00000000030bbe38]
Event: 4.514 Thread 0x000000001528e000 1345       1       com.android.dx.cf.code.LocalVariableList$Item::getSignature (5 bytes)
Event: 4.514 Thread 0x000000001528e000 nmethod 1345 0x00000000030bbf50 code [0x00000000030bc0a0, 0x00000000030bc1b0]
Event: 4.573 Thread 0x000000001528e000 1355       3       com.android.dx.cf.attrib.RawAttribute::byteLength (11 bytes)

GC Heap History (2 events):
Event: 3.976 GC heap before
{Heap before GC invocations=1 (full 0):
 PSYoungGen      total 38400K, used 33280K [0x00000000eab00000, 0x00000000ed580000, 0x0000000100000000)
  eden space 33280K, 100% used [0x00000000eab00000,0x00000000ecb80000,0x00000000ecb80000)
  from space 5120K, 0% used [0x00000000ed080000,0x00000000ed080000,0x00000000ed580000)
  to   space 5120K, 0% used [0x00000000ecb80000,0x00000000ecb80000,0x00000000ed080000)
 ParOldGen       total 87552K, used 0K [0x00000000c0000000, 0x00000000c5580000, 0x00000000eab00000)
  object space 87552K, 0% used [0x00000000c0000000,0x00000000c0000000,0x00000000c5580000)
 Metaspace       used 5917K, capacity 6960K, committed 7040K, reserved 1056768K
  class space    used 591K, capacity 616K, committed 640K, reserved 1048576K
Event: 4.415 GC heap after
Heap after GC invocations=1 (full 0):
 PSYoungGen      total 38400K, used 5111K [0x00000000eab00000, 0x00000000ed580000, 0x0000000100000000)
  eden space 33280K, 0% used [0x00000000eab00000,0x00000000eab00000,0x00000000ecb80000)
  from space 5120K, 99% used [0x00000000ecb80000,0x00000000ed07dca8,0x00000000ed080000)
  to   space 5120K, 0% used [0x00000000ed080000,0x00000000ed080000,0x00000000ed580000)
 ParOldGen       total 87552K, used 1604K [0x00000000c0000000, 0x00000000c5580000, 0x00000000eab00000)
  object space 87552K, 1% used [0x00000000c0000000,0x00000000c0191268,0x00000000c5580000)
 Metaspace       used 5917K, capacity 6960K, committed 7040K, reserved 1056768K
  class space    used 591K, capacity 616K, committed 640K, reserved 1048576K
}

Deoptimization events (10 events):
Event: 2.557 Thread 0x0000000016df2800 Uncommon trap: reason=class_check action=maybe_recompile pc=0x0000000002d95d30 method=com.android.dx.ssa.NormalSsaInsn.accept(Lcom/android/dx/ssa/SsaInsn$Visitor;)V @ 9
Event: 2.557 Thread 0x0000000016df2800 Uncommon trap: reason=class_check action=maybe_recompile pc=0x0000000002d95d30 method=com.android.dx.ssa.NormalSsaInsn.accept(Lcom/android/dx/ssa/SsaInsn$Visitor;)V @ 9
Event: 2.774 Thread 0x0000000016df8000 Uncommon trap: reason=unstable_if action=reinterpret pc=0x0000000002d629b0 method=java.util.BitSet.nextSetBit(I)I @ 87
Event: 2.811 Thread 0x000000000120d800 Uncommon trap: reason=class_check action=maybe_recompile pc=0x0000000002e1a914 method=com.android.dx.ssa.NormalSsaInsn.accept(Lcom/android/dx/ssa/SsaInsn$Visitor;)V @ 9
Event: 3.358 Thread 0x0000000016df8800 Uncommon trap: reason=null_check action=make_not_entrant pc=0x0000000002ebe428 method=com.android.dx.rop.type.Type.equals(Ljava/lang/Object;)Z @ 8
Event: 3.548 Thread 0x0000000016df2800 Uncommon trap: reason=null_check action=make_not_entrant pc=0x0000000002f2306c method=com.android.dx.ssa.SsaRenamer.getLocalForNewReg(I)Lcom/android/dx/rop/code/LocalItem; @ 19
Event: 3.971 Thread 0x000000000120d800 Uncommon trap: reason=bimorphic action=maybe_recompile pc=0x000000000303f2d0 method=com.android.dx.cf.code.BytecodeArray.parseInstruction(ILcom/android/dx/cf/code/BytecodeArray$Visitor;)I @ 2135
Event: 3.971 Thread 0x000000000120d800 Uncommon trap: reason=bimorphic action=maybe_recompile pc=0x000000000303f2d0 method=com.android.dx.cf.code.BytecodeArray.parseInstruction(ILcom/android/dx/cf/code/BytecodeArray$Visitor;)I @ 2135
Event: 4.483 Thread 0x0000000016df8800 Uncommon trap: reason=bimorphic action=maybe_recompile pc=0x000000000303f390 method=com.android.dx.cf.code.BytecodeArray.parseInstruction(ILcom/android/dx/cf/code/BytecodeArray$Visitor;)I @ 2281
Event: 4.484 Thread 0x0000000016df8800 Uncommon trap: reason=bimorphic action=maybe_recompile pc=0x000000000303f390 method=com.android.dx.cf.code.BytecodeArray.parseInstruction(ILcom/android/dx/cf/code/BytecodeArray$Visitor;)I @ 2281

Internal exceptions (4 events):
Event: 0.104 Thread 0x000000000120d800 Exception <a 'java/lang/NoSuchMethodError': Method sun.misc.Unsafe.defineClass(Ljava/lang/String;[BII)Ljava/lang/Class; name or signature does not match> (0x00000000eab07cc0) thrown at [C:\re\workspace\8-2-build-windows-amd64-cygwin\jdk8u91\6644\hotspot\srú1ƒÏx¡º?
Event: 0.104 Thread 0x000000000120d800 Exception <a 'java/lang/NoSuchMethodError': Method sun.misc.Unsafe.prefetchRead(Ljava/lang/Object;J)V name or signature does not match> (0x00000000eab07fa8) thrown at [C:\re\workspace\8-2-build-windows-amd64-cygwin\jdk8u91\6644\hotspot\src\share\vm\prims\jíÓˆñIÝ
@
Event: 3.358 Thread 0x0000000016df8800 Implicit null exception at 0x0000000002ebe322 to 0x0000000002ebe41a
Event: 3.548 Thread 0x0000000016df2800 Implicit null exception at 0x0000000002f22566 to 0x0000000002f23049

Events (10 events):
Event: 3.975 Executing VM operation: ParallelGCFailedAllocation
Event: 4.415 Executing VM operation: ParallelGCFailedAllocation done
Event: 4.483 Thread 0x0000000016df8800 Uncommon trap: trap_request=0xffffffc6 fr.pc=0x000000000303f390
Event: 4.483 Thread 0x0000000016df8800 DEOPT PACKING pc=0x000000000303f390 sp=0x000000001767e740
Event: 4.483 Thread 0x0000000016df8800 DEOPT UNPACKING pc=0x0000000002ba582a sp=0x000000001767e700 mode 2
Event: 4.484 Thread 0x0000000016df8800 Uncommon trap: trap_request=0xffffffc6 fr.pc=0x000000000303f390
Event: 4.484 Thread 0x0000000016df8800 DEOPT PACKING pc=0x000000000303f390 sp=0x000000001767e500
Event: 4.484 Thread 0x0000000016df8800 DEOPT UNPACKING pc=0x0000000002ba582a sp=0x000000001767e4c0 mode 2
Event: 4.487 loading class com/android/dx/cf/code/SwitchList
Event: 4.487 loading class com/android/dx/cf/code/SwitchList done


Dynamic libraries:
0x00007ff758d20000 - 0x00007ff758d57000 	C:\Program Files\Java\jdk1.8.0_91\bin\java.exe
0x00007ffa3e320000 - 0x00007ffa3e4cd000 	C:\Windows\SYSTEM32\ntdll.dll
0x00007ffa3df50000 - 0x00007ffa3e08e000 	C:\Windows\system32\KERNEL32.DLL
0x00007ffa3b7b0000 - 0x00007ffa3b8c5000 	C:\Windows\system32\KERNELBASE.dll
0x00007ffa3a020000 - 0x00007ffa3a0ae000 	C:\Windows\system32\apphelp.dll
0x00007ffa2a720000 - 0x00007ffa2a773000 	C:\Windows\AppPatch\AppPatch64\AcGenral.DLL
0x00007ffa3c400000 - 0x00007ffa3c4aa000 	C:\Windows\system32\msvcrt.dll
0x00007ffa3b920000 - 0x00007ffa3b94e000 	C:\Windows\system32\SspiCli.dll
0x00007ffa3bb00000 - 0x00007ffa3bb54000 	C:\Windows\system32\SHLWAPI.dll
0x00007ffa3bea0000 - 0x00007ffa3c017000 	C:\Windows\system32\USER32.dll
0x00007ffa3dab0000 - 0x00007ffa3dc44000 	C:\Windows\system32\ole32.dll
0x00007ffa3c4b0000 - 0x00007ffa3d9da000 	C:\Windows\system32\SHELL32.dll
0x00007ffa3aa80000 - 0x00007ffa3aaa1000 	C:\Windows\SYSTEM32\USERENV.dll
0x00007ffa3c080000 - 0x00007ffa3c12a000 	C:\Windows\system32\ADVAPI32.dll
0x00007ffa2c4b0000 - 0x00007ffa2c4ce000 	C:\Windows\SYSTEM32\MPR.dll
0x00007ffa3b9c0000 - 0x00007ffa3bb00000 	C:\Windows\system32\RPCRT4.dll
0x00007ffa3c020000 - 0x00007ffa3c079000 	C:\Windows\SYSTEM32\sechost.dll
0x00007ffa3dd30000 - 0x00007ffa3df41000 	C:\Windows\SYSTEM32\combase.dll
0x00007ffa3c2b0000 - 0x00007ffa3c400000 	C:\Windows\system32\GDI32.dll
0x00007ffa3b450000 - 0x00007ffa3b465000 	C:\Windows\SYSTEM32\profapi.dll
0x00007ffa399f0000 - 0x00007ffa39aa2000 	C:\Windows\SYSTEM32\SHCORE.dll
0x00007ffa3e090000 - 0x00007ffa3e0c6000 	C:\Windows\system32\IMM32.DLL
0x00007ffa3c140000 - 0x00007ffa3c292000 	C:\Windows\system32\MSCTF.dll
0x00007ffa39570000 - 0x00007ffa397eb000 	C:\Windows\WinSxS\amd64_microsoft.windows.common-controls_6595b64144ccf1df_6.0.9600.18006_none_623f33d3ecbe86e8\COMCTL32.dll
0x0000000062600000 - 0x00000000626d2000 	C:\Program Files\Java\jdk1.8.0_91\jre\bin\msvcr100.dll
0x0000000061d60000 - 0x00000000625f3000 	C:\Program Files\Java\jdk1.8.0_91\jre\bin\server\jvm.dll
0x00007ffa332a0000 - 0x00007ffa332a9000 	C:\Windows\SYSTEM32\WSOCK32.dll
0x00007ffa38a90000 - 0x00007ffa38ab2000 	C:\Windows\SYSTEM32\WINMM.dll
0x00007ffa33920000 - 0x00007ffa3392a000 	C:\Windows\SYSTEM32\VERSION.dll
0x00007ffa3bbc0000 - 0x00007ffa3bbc7000 	C:\Windows\system32\PSAPI.DLL
0x00007ffa3bb60000 - 0x00007ffa3bbba000 	C:\Windows\system32\WS2_32.dll
0x00007ffa38a60000 - 0x00007ffa38a8a000 	C:\Windows\SYSTEM32\WINMMBASE.dll
0x00007ffa3c130000 - 0x00007ffa3c139000 	C:\Windows\system32\NSI.dll
0x00007ffa3b8d0000 - 0x00007ffa3b91f000 	C:\Windows\SYSTEM32\cfgmgr32.dll
0x00007ffa3a280000 - 0x00007ffa3a2a8000 	C:\Windows\SYSTEM32\DEVOBJ.dll
0x0000000061d50000 - 0x0000000061d5f000 	C:\Program Files\Java\jdk1.8.0_91\jre\bin\verify.dll
0x0000000061d20000 - 0x0000000061d49000 	C:\Program Files\Java\jdk1.8.0_91\jre\bin\java.dll
0x0000000061d00000 - 0x0000000061d16000 	C:\Program Files\Java\jdk1.8.0_91\jre\bin\zip.dll

VM Arguments:
jvm_args: -Djava.awt.headless=true -Xmx1024M -Dfile.encoding=windows-1252 -Duser.country=FR -Duser.language=fr -Duser.variant 
java_command: com.android.dx.command.Main --dex --force-jumbo --num-threads=4 --multi-dex --output C:\Users\Lud'\Desktop\Inovatis\app\build\intermediates\transforms\dex\debug\folders\1000\10\gson-2.7_db8dfc5aee20a206decb6f699cba9e90266508e4 C:\Users\Lud'\.gradle\caches\modules-2\files-2.1\com.google.code.gson\gson\2.7\751f548c85fa49f330cecbb1875893f971b33c4e\gson-2.7.jar
java_class_path (initial): C:\Users\Lud'\AppData\Local\Android\sdk\build-tools\23.0.0\lib\dx.jar
Launcher Type: SUN_STANDARD

Environment Variables:
JAVA_HOME=C:\Program Files\Java\jdk1.8.0_40
PATH=C:\ProgramData\Oracle\Java\javapath;C:\Program Files\Broadcom\Broadcom 802.11 Network Adapter;C:\Program Files (x86)\Intel\iCLS Client\;C:\Program Files\Intel\iCLS Client\;C:\Windows\system32;C:\Windows;C:\Windows\System32\Wbem;C:\Windows\System32\WindowsPowerShell\v1.0\;C:\Program Files\Intel\Intel(R) Management Engine Components\DAL;C:\Program Files\Intel\Intel(R) Management Engine Components\IPT;C:\Program Files (x86)\Intel\Intel(R) Management Engine Components\DAL;C:\Program Files (x86)\Intel\Intel(R) Management Engine Components\IPT;C:\Program Files\WIDCOMM\Bluetooth Software\;C:\Program Files\WIDCOMM\Bluetooth Software\syswow64;C:\Program Files (x86)\Windows Kits\8.1\Windows Performance Toolkit\;C:\Program Files\Microsoft SQL Server\110\Tools\Binn\;C:\Program Files (x86)\Jahshaka\..\gtk2\bin;C:\Program Files (x86)\Jahshaka\..\mlt\bin;C:\Program Files (x86)\OpenLibraries\bin;C:\Program Files (x86)\Microsoft SDKs\TypeScript\1.0\;C:\Program Files\Microsoft SQL Server\120\Tools\Binn\;C:\Program Files (x86)\NVIDIA Corporation\PhysX\Common;C:\Program Files (x86)\Skype\Phone\;C:\Program Files (x86)\MySQL\MySQL Fabric 1.5 & MySQL Utilities 1.5\;C:\Program Files (x86)\MySQL\MySQL Fabric 1.5 & MySQL Utilities 1.5\Doctrine extensions for PHP\;C:\Program Files\Git\cmd;D:\wamp\bin\php\php5.5.12;C:\ProgramData\ComposerSetup\bin;C:\Program Files (x86)\Brackets\command;C:\Users\Lud'\AppData\Roaming\Composer\vendor\bin
USERNAME=Lud'
OS=Windows_NT
PROCESSOR_IDENTIFIER=Intel64 Family 6 Model 60 Stepping 3, GenuineIntel



---------------  S Y S T E M  ---------------

OS: Windows 8.1 , 64 bit Build 9600 (6.3.9600.17415)

CPU:total 4 (2 cores per cpu, 2 threads per core) family 6 model 60 stepping 3, cmov, cx8, fxsr, mmx, sse, sse2, sse3, ssse3, sse4.1, sse4.2, popcnt, avx, avx2, aes, clmul, erms, lzcnt, ht, tsc, tscinvbit, bmi1, bmi2

Memory: 4k page, physical 8268796k(738232k free), swap 11414524k(5812k free)

vm_info: Java HotSpot(TM) 64-Bit Server VM (25.91-b14) for windows-amd64 JRE (1.8.0_91-b14), built on Apr  1 2016 00:58:32 by "java_re" with MS VC++ 10.0 (VS2010)

time: Mon Sep 19 16:26:47 2016
elapsed time: 5 seconds (0d 0h 0m 5s)

