#
# There is insufficient memory for the Java Runtime Environment to continue.
# Native memory allocation (malloc) failed to allocate 858896 bytes for Chunk::new
# Possible reasons:
#   The system is out of physical RAM or swap space
#   In 32 bit mode, the process size limit was hit
# Possible solutions:
#   Reduce memory load on the system
#   Increase physical memory or swap space
#   Check if swap backing store is full
#   Use 64 bit Java on a 64 bit OS
#   Decrease Java heap size (-Xmx/-Xms)
#   Decrease number of Java threads
#   Decrease Java thread stack sizes (-Xss)
#   Set larger code cache with -XX:ReservedCodeCacheSize=
# This output file may be truncated or incomplete.
#
#  Out of Memory Error (allocation.cpp:390), pid=8816, tid=4956
#
# JRE version: Java(TM) SE Runtime Environment (8.0_91-b14) (build 1.8.0_91-b14)
# Java VM: Java HotSpot(TM) 64-Bit Server VM (25.91-b14 mixed mode windows-amd64 compressed oops)
# Failed to write core dump. Minidumps are not enabled by default on client versions of Windows
#

---------------  T H R E A D  ---------------

Current thread (0x000000001468b800):  JavaThread "C2 CompilerThread1" daemon [_thread_in_native, id=4956, stack(0x0000000015d90000,0x0000000015e90000)]

Stack: [0x0000000015d90000,0x0000000015e90000]
[error occurred during error reporting (printing stack bounds), id 0xc0000005]

Native frames: (J=compiled Java code, j=interpreted, Vv=VM code, C=native code)


Current CompileTask:
C2:  12644 2220       4       com.android.dx.dex.code.DalvCode::finishProcessingIfNecessary (69 bytes)


---------------  P R O C E S S  ---------------

Java Threads: ( => current thread )
  0x00000000161f5800 JavaThread "pool-1-thread-1" [_thread_in_Java, id=11052, stack(0x0000000016590000,0x0000000016690000)]
  0x0000000015f98000 JavaThread "Service Thread" daemon [_thread_blocked, id=7896, stack(0x0000000016390000,0x0000000016490000)]
  0x000000001468e000 JavaThread "C1 CompilerThread2" daemon [_thread_blocked, id=6980, stack(0x0000000015e90000,0x0000000015f90000)]
=>0x000000001468b800 JavaThread "C2 CompilerThread1" daemon [_thread_in_native, id=4956, stack(0x0000000015d90000,0x0000000015e90000)]
  0x000000001463c000 JavaThread "C2 CompilerThread0" daemon [_thread_blocked, id=2384, stack(0x0000000015c90000,0x0000000015d90000)]
  0x000000001463a000 JavaThread "Attach Listener" daemon [_thread_blocked, id=5536, stack(0x0000000015b90000,0x0000000015c90000)]
  0x0000000014637000 JavaThread "Signal Dispatcher" daemon [_thread_blocked, id=10932, stack(0x0000000015a90000,0x0000000015b90000)]
  0x000000001461a800 JavaThread "Finalizer" daemon [_thread_blocked, id=956, stack(0x0000000015890000,0x0000000015990000)]
  0x0000000001f4f800 JavaThread "Reference Handler" daemon [_thread_blocked, id=9092, stack(0x0000000015790000,0x0000000015890000)]
  0x00000000005ad800 JavaThread "main" [_thread_blocked, id=11164, stack(0x0000000001d00000,0x0000000001e00000)]

Other Threads:
  0x00000000145f8800 VMThread [stack: 0x0000000015690000,0x0000000015790000] [id=9232]
  0x0000000015f9c800 WatcherThread [stack: 0x0000000016490000,0x0000000016590000] [id=8280]

VM state:not at safepoint (normal execution)

VM Mutex/Monitor currently owned by a thread: None

Heap:
 PSYoungGen      total 71680K, used 60395K [0x00000000eab00000, 0x00000000ef600000, 0x0000000100000000)
  eden space 66560K, 83% used [0x00000000eab00000,0x00000000ee0fd110,0x00000000eec00000)
  from space 5120K, 99% used [0x00000000ef100000,0x00000000ef5fdc88,0x00000000ef600000)
  to   space 5120K, 0% used [0x00000000eec00000,0x00000000eec00000,0x00000000ef100000)
 ParOldGen       total 87552K, used 6707K [0x00000000c0000000, 0x00000000c5580000, 0x00000000eab00000)
  object space 87552K, 7% used [0x00000000c0000000,0x00000000c068cd58,0x00000000c5580000)
 Metaspace       used 6684K, capacity 7504K, committed 7680K, reserved 1056768K
  class space    used 618K, capacity 648K, committed 768K, reserved 1048576K

Card table byte_map: [0x0000000011320000,0x0000000011530000] byte_map_base: 0x0000000010d20000

Marking Bits: (ParMarkBitMap*) 0x0000000062572f70
 Begin Bits: [0x0000000011a90000, 0x0000000012a90000)
 End Bits:   [0x0000000012a90000, 0x0000000013a90000)

Polling page: 0x0000000000560000

CodeCache: size=245760Kb used=9223Kb max_used=9234Kb free=236536Kb
 bounds [0x0000000001f60000, 0x0000000002870000, 0x0000000010f60000]
 total_blobs=2516 nmethods=2245 adapters=183
 compilation: enabled

Compilation events (10 events):
Event: 12.444 Thread 0x000000001468e000 2236       3       com.android.dx.dex.file.ClassDataItem::encodeList (92 bytes)
Event: 12.445 Thread 0x000000001468e000 nmethod 2236 0x0000000002858f10 code [0x0000000002859180, 0x000000000285a178]
Event: 12.446 Thread 0x000000001468e000 2237       3       com.android.dx.dex.file.Section::getAbsoluteOffset (38 bytes)
Event: 12.446 Thread 0x000000001468e000 nmethod 2237 0x000000000284e490 code [0x000000000284e620, 0x000000000284e958]
Event: 12.447 Thread 0x000000001468e000 2238       3       com.android.dx.dex.file.EncodedField::encode (157 bytes)
Event: 12.449 Thread 0x000000001468e000 nmethod 2238 0x000000000285ab50 code [0x000000000285af20, 0x000000000285d038]
Event: 12.531 Thread 0x000000001468e000 2239       3       com.android.dx.dex.file.FieldIdsSection::indexOf (49 bytes)
Event: 12.532 Thread 0x000000001468e000 nmethod 2239 0x000000000285e410 code [0x000000000285e600, 0x000000000285ef48]
Event: 12.533 Thread 0x000000001468e000 2240       3       com.android.dx.dex.file.ClassDataItem::place0 (35 bytes)
Event: 12.533 Thread 0x000000001468e000 nmethod 2240 0x000000000285f310 code [0x000000000285f4c0, 0x000000000285fbd8]

GC Heap History (4 events):
Event: 3.590 GC heap before
{Heap before GC invocations=1 (full 0):
 PSYoungGen      total 38400K, used 33280K [0x00000000eab00000, 0x00000000ed580000, 0x0000000100000000)
  eden space 33280K, 100% used [0x00000000eab00000,0x00000000ecb80000,0x00000000ecb80000)
  from space 5120K, 0% used [0x00000000ed080000,0x00000000ed080000,0x00000000ed580000)
  to   space 5120K, 0% used [0x00000000ecb80000,0x00000000ecb80000,0x00000000ed080000)
 ParOldGen       total 87552K, used 0K [0x00000000c0000000, 0x00000000c5580000, 0x00000000eab00000)
  object space 87552K, 0% used [0x00000000c0000000,0x00000000c0000000,0x00000000c5580000)
 Metaspace       used 6006K, capacity 7024K, committed 7296K, reserved 1056768K
  class space    used 595K, capacity 616K, committed 640K, reserved 1048576K
Event: 3.840 GC heap after
Heap after GC invocations=1 (full 0):
 PSYoungGen      total 38400K, used 5111K [0x00000000eab00000, 0x00000000ef600000, 0x0000000100000000)
  eden space 33280K, 0% used [0x00000000eab00000,0x00000000eab00000,0x00000000ecb80000)
  from space 5120K, 99% used [0x00000000ecb80000,0x00000000ed07dc88,0x00000000ed080000)
  to   space 5120K, 0% used [0x00000000ef100000,0x00000000ef100000,0x00000000ef600000)
 ParOldGen       total 87552K, used 1657K [0x00000000c0000000, 0x00000000c5580000, 0x00000000eab00000)
  object space 87552K, 1% used [0x00000000c0000000,0x00000000c019e648,0x00000000c5580000)
 Metaspace       used 6006K, capacity 7024K, committed 7296K, reserved 1056768K
  class space    used 595K, capacity 616K, committed 640K, reserved 1048576K
}
Event: 5.998 GC heap before
{Heap before GC invocations=2 (full 0):
 PSYoungGen      total 38400K, used 38391K [0x00000000eab00000, 0x00000000ef600000, 0x0000000100000000)
  eden space 33280K, 100% used [0x00000000eab00000,0x00000000ecb80000,0x00000000ecb80000)
  from space 5120K, 99% used [0x00000000ecb80000,0x00000000ed07dc88,0x00000000ed080000)
  to   space 5120K, 0% used [0x00000000ef100000,0x00000000ef100000,0x00000000ef600000)
 ParOldGen       total 87552K, used 1657K [0x00000000c0000000, 0x00000000c5580000, 0x00000000eab00000)
  object space 87552K, 1% used [0x00000000c0000000,0x00000000c019e648,0x00000000c5580000)
 Metaspace       used 6159K, capacity 7088K, committed 7296K, reserved 1056768K
  class space    used 596K, capacity 616K, committed 640K, reserved 1048576K
Event: 7.093 GC heap after
Heap after GC invocations=2 (full 0):
 PSYoungGen      total 71680K, used 5111K [0x00000000eab00000, 0x00000000ef600000, 0x0000000100000000)
  eden space 66560K, 0% used [0x00000000eab00000,0x00000000eab00000,0x00000000eec00000)
  from space 5120K, 99% used [0x00000000ef100000,0x00000000ef5fdc88,0x00000000ef600000)
  to   space 5120K, 0% used [0x00000000eec00000,0x00000000eec00000,0x00000000ef100000)
 ParOldGen       total 87552K, used 6707K [0x00000000c0000000, 0x00000000c5580000, 0x00000000eab00000)
  object space 87552K, 7% used [0x00000000c0000000,0x00000000c068cd58,0x00000000c5580000)
 Metaspace       used 6159K, capacity 7088K, committed 7296K, reserved 1056768K
  class space    used 596K, capacity 616K, committed 640K, reserved 1048576K
}

Deoptimization events (10 events):
Event: 10.706 Thread 0x00000000161f5800 Uncommon trap: reason=speculate_class_check action=maybe_recompile pc=0x0000000002322834 method=com.android.dx.util.FixedSizeList.equals(Ljava/lang/Object;)Z @ 25
Event: 10.706 Thread 0x00000000161f5800 Uncommon trap: reason=class_check action=maybe_recompile pc=0x00000000022c1930 method=java.util.Arrays.equals([Ljava/lang/Object;[Ljava/lang/Object;)Z @ 62
Event: 10.706 Thread 0x00000000161f5800 Uncommon trap: reason=speculate_class_check action=maybe_recompile pc=0x0000000002322834 method=com.android.dx.util.FixedSizeList.equals(Ljava/lang/Object;)Z @ 25
Event: 10.706 Thread 0x00000000161f5800 Uncommon trap: reason=class_check action=maybe_recompile pc=0x00000000022c1930 method=java.util.Arrays.equals([Ljava/lang/Object;[Ljava/lang/Object;)Z @ 62
Event: 10.706 Thread 0x00000000161f5800 Uncommon trap: reason=speculate_class_check action=maybe_recompile pc=0x0000000002322834 method=com.android.dx.util.FixedSizeList.equals(Ljava/lang/Object;)Z @ 25
Event: 10.706 Thread 0x00000000161f5800 Uncommon trap: reason=class_check action=maybe_recompile pc=0x00000000022c1930 method=java.util.Arrays.equals([Ljava/lang/Object;[Ljava/lang/Object;)Z @ 62
Event: 10.706 Thread 0x00000000161f5800 Uncommon trap: reason=speculate_class_check action=maybe_recompile pc=0x0000000002322834 method=com.android.dx.util.FixedSizeList.equals(Ljava/lang/Object;)Z @ 25
Event: 10.706 Thread 0x00000000161f5800 Uncommon trap: reason=class_check action=maybe_recompile pc=0x00000000022c1930 method=java.util.Arrays.equals([Ljava/lang/Object;[Ljava/lang/Object;)Z @ 62
Event: 10.755 Thread 0x00000000161f5800 Uncommon trap: reason=unstable_if action=reinterpret pc=0x00000000027920cc method=com.android.dx.dex.code.OutputFinisher.findOpcodeForInsn(Lcom/android/dx/dex/code/DalvInsn;Lcom/android/dx/dex/code/Dop;)Lcom/android/dx/dex/code/Dop; @ 1
Event: 11.154 Thread 0x00000000161f5800 Uncommon trap: reason=unstable_if action=reinterpret pc=0x00000000025c56cc method=java.util.TreeMap.put(Ljava/lang/Object;Ljava/lang/Object;)Ljava/lang/Object; @ 163

Internal exceptions (2 events):
Event: 0.165 Thread 0x00000000005ad800 Exception <a 'java/lang/NoSuchMethodError': Method sun.misc.Unsafe.defineClass(Ljava/lang/String;[BII)Ljava/lang/Class; name or signature does not match> (0x00000000eab07cc0) thrown at [C:\re\workspace\8-2-build-windows-amd64-cygwin\jdk8u91\6644\hotspot\sr≈aÂ¡¨(≈?
Event: 0.165 Thread 0x00000000005ad800 Exception <a 'java/lang/NoSuchMethodError': Method sun.misc.Unsafe.prefetchRead(Ljava/lang/Object;J)V name or signature does not match> (0x00000000eab07fa8) thrown at [C:\re\workspace\8-2-build-windows-amd64-cygwin\jdk8u91\6644\hotspot\src\share\vm\prims\j

Events (10 events):
Event: 11.724 Thread 0x00000000161f5800 DEOPT PACKING pc=0x0000000002790fa6 sp=0x000000001668ea10
Event: 11.724 Thread 0x00000000161f5800 DEOPT UNPACKING pc=0x0000000001fa787f sp=0x000000001668e768 mode 0
Event: 11.764 loading class com/android/dx/dex/file/DebugInfoEncoder
Event: 11.764 loading class com/android/dx/dex/file/DebugInfoEncoder done
Event: 11.765 loading class com/android/dx/dex/file/DebugInfoEncoder$1
Event: 11.765 loading class com/android/dx/dex/file/DebugInfoEncoder$1 done
Event: 11.767 loading class com/android/dx/dex/file/DebugInfoEncoder$2
Event: 11.767 loading class com/android/dx/dex/file/DebugInfoEncoder$2 done
Event: 12.420 loading class com/android/dex/EncodedValueCodec
Event: 12.420 loading class com/android/dex/EncodedValueCodec done


Dynamic libraries:
0x00007ff758d20000 - 0x00007ff758d57000 	C:\Program Files\Java\jdk1.8.0_91\bin\java.exe
0x00007ffa3e320000 - 0x00007ffa3e4cd000 	C:\Windows\SYSTEM32\ntdll.dll
0x00007ffa3df50000 - 0x00007ffa3e08e000 	C:\Windows\system32\KERNEL32.DLL
0x00007ffa3b7b0000 - 0x00007ffa3b8c5000 	C:\Windows\system32\KERNELBASE.dll
0x00007ffa3a020000 - 0x00007ffa3a0ae000 	C:\Windows\system32\apphelp.dll
0x00007ffa2a720000 - 0x00007ffa2a773000 	C:\Windows\AppPatch\AppPatch64\AcGenral.DLL
0x00007ffa3c400000 - 0x00007ffa3c4aa000 	C:\Windows\system32\msvcrt.dll
0x00007ffa3b920000 - 0x00007ffa3b94e000 	C:\Windows\system32\SspiCli.dll
0x00007ffa3bb00000 - 0x00007ffa3bb54000 	C:\Windows\system32\SHLWAPI.dll
0x00007ffa3bea0000 - 0x00007ffa3c017000 	C:\Windows\system32\USER32.dll
0x00007ffa3dab0000 - 0x00007ffa3dc44000 	C:\Windows\system32\ole32.dll
0x00007ffa3c4b0000 - 0x00007ffa3d9da000 	C:\Windows\system32\SHELL32.dll
0x00007ffa3aa80000 - 0x00007ffa3aaa1000 	C:\Windows\SYSTEM32\USERENV.dll
0x00007ffa3c080000 - 0x00007ffa3c12a000 	C:\Windows\system32\ADVAPI32.dll
0x00007ffa2c4b0000 - 0x00007ffa2c4ce000 	C:\Windows\SYSTEM32\MPR.dll
0x00007ffa3b9c0000 - 0x00007ffa3bb00000 	C:\Windows\system32\RPCRT4.dll
0x00007ffa3c020000 - 0x00007ffa3c079000 	C:\Windows\SYSTEM32\sechost.dll
0x00007ffa3dd30000 - 0x00007ffa3df41000 	C:\Windows\SYSTEM32\combase.dll
0x00007ffa3c2b0000 - 0x00007ffa3c400000 	C:\Windows\system32\GDI32.dll
0x00007ffa3b450000 - 0x00007ffa3b465000 	C:\Windows\SYSTEM32\profapi.dll
0x00007ffa399f0000 - 0x00007ffa39aa2000 	C:\Windows\SYSTEM32\SHCORE.dll
0x00007ffa3e090000 - 0x00007ffa3e0c6000 	C:\Windows\system32\IMM32.DLL
0x00007ffa3c140000 - 0x00007ffa3c292000 	C:\Windows\system32\MSCTF.dll
0x00007ffa39570000 - 0x00007ffa397eb000 	C:\Windows\WinSxS\amd64_microsoft.windows.common-controls_6595b64144ccf1df_6.0.9600.18006_none_623f33d3ecbe86e8\COMCTL32.dll
0x0000000062600000 - 0x00000000626d2000 	C:\Program Files\Java\jdk1.8.0_91\jre\bin\msvcr100.dll
0x0000000061d60000 - 0x00000000625f3000 	C:\Program Files\Java\jdk1.8.0_91\jre\bin\server\jvm.dll
0x00007ffa332a0000 - 0x00007ffa332a9000 	C:\Windows\SYSTEM32\WSOCK32.dll
0x00007ffa38a90000 - 0x00007ffa38ab2000 	C:\Windows\SYSTEM32\WINMM.dll
0x00007ffa33920000 - 0x00007ffa3392a000 	C:\Windows\SYSTEM32\VERSION.dll
0x00007ffa3bbc0000 - 0x00007ffa3bbc7000 	C:\Windows\system32\PSAPI.DLL
0x00007ffa3bb60000 - 0x00007ffa3bbba000 	C:\Windows\system32\WS2_32.dll
0x00007ffa38a60000 - 0x00007ffa38a8a000 	C:\Windows\SYSTEM32\WINMMBASE.dll
0x00007ffa3c130000 - 0x00007ffa3c139000 	C:\Windows\system32\NSI.dll
0x00007ffa3b8d0000 - 0x00007ffa3b91f000 	C:\Windows\SYSTEM32\cfgmgr32.dll
0x00007ffa3a280000 - 0x00007ffa3a2a8000 	C:\Windows\SYSTEM32\DEVOBJ.dll
0x0000000061d50000 - 0x0000000061d5f000 	C:\Program Files\Java\jdk1.8.0_91\jre\bin\verify.dll
0x0000000061d20000 - 0x0000000061d49000 	C:\Program Files\Java\jdk1.8.0_91\jre\bin\java.dll
0x0000000061d00000 - 0x0000000061d16000 	C:\Program Files\Java\jdk1.8.0_91\jre\bin\zip.dll

VM Arguments:
jvm_args: -Djava.awt.headless=true -Xmx1024M -Dfile.encoding=windows-1252 -Duser.country=FR -Duser.language=fr -Duser.variant 
java_command: com.android.dx.command.Main --dex --force-jumbo --num-threads=4 --multi-dex --output C:\Users\Lud'\Desktop\Inovatis\app\build\intermediates\transforms\dex\debug\folders\1000\10\internal_impl-23.2.1_c007d1abde932a83e7cd4d6724727fa3639086ba C:\Users\Lud'\Desktop\Inovatis\app\build\intermediates\exploded-aar\com.android.support\support-v4\23.2.1\jars\libs\internal_impl-23.2.1.jar
java_class_path (initial): C:\Users\Lud'\AppData\Local\Android\sdk\build-tools\23.0.0\lib\dx.jar
Launcher Type: SUN_STANDARD

Environment Variables:
JAVA_HOME=C:\Program Files\Java\jdk1.8.0_40
PATH=C:\ProgramData\Oracle\Java\javapath;C:\Program Files\Broadcom\Broadcom 802.11 Network Adapter;C:\Program Files (x86)\Intel\iCLS Client\;C:\Program Files\Intel\iCLS Client\;C:\Windows\system32;C:\Windows;C:\Windows\System32\Wbem;C:\Windows\System32\WindowsPowerShell\v1.0\;C:\Program Files\Intel\Intel(R) Management Engine Components\DAL;C:\Program Files\Intel\Intel(R) Management Engine Components\IPT;C:\Program Files (x86)\Intel\Intel(R) Management Engine Components\DAL;C:\Program Files (x86)\Intel\Intel(R) Management Engine Components\IPT;C:\Program Files\WIDCOMM\Bluetooth Software\;C:\Program Files\WIDCOMM\Bluetooth Software\syswow64;C:\Program Files (x86)\Windows Kits\8.1\Windows Performance Toolkit\;C:\Program Files\Microsoft SQL Server\110\Tools\Binn\;C:\Program Files (x86)\Jahshaka\..\gtk2\bin;C:\Program Files (x86)\Jahshaka\..\mlt\bin;C:\Program Files (x86)\OpenLibraries\bin;C:\Program Files (x86)\Microsoft SDKs\TypeScript\1.0\;C:\Program Files\Microsoft SQL Server\120\Tools\Binn\;C:\Program Files (x86)\NVIDIA Corporation\PhysX\Common;C:\Program Files (x86)\Skype\Phone\;C:\Program Files (x86)\MySQL\MySQL Fabric 1.5 & MySQL Utilities 1.5\;C:\Program Files (x86)\MySQL\MySQL Fabric 1.5 & MySQL Utilities 1.5\Doctrine extensions for PHP\;C:\Program Files\Git\cmd;D:\wamp\bin\php\php5.5.12;C:\ProgramData\ComposerSetup\bin;C:\Program Files (x86)\Brackets\command;C:\Users\Lud'\AppData\Roaming\Composer\vendor\bin
USERNAME=Lud'
OS=Windows_NT
PROCESSOR_IDENTIFIER=Intel64 Family 6 Model 60 Stepping 3, GenuineIntel



---------------  S Y S T E M  ---------------

OS: Windows 8.1 , 64 bit Build 9600 (6.3.9600.17415)

CPU:total 4 (2 cores per cpu, 2 threads per core) family 6 model 60 stepping 3, cmov, cx8, fxsr, mmx, sse, sse2, sse3, ssse3, sse4.1, sse4.2, popcnt, avx, avx2, aes, clmul, erms, lzcnt, ht, tsc, tscinvbit, bmi1, bmi2

Memory: 4k page, physical 8268796k(798596k free), swap 11414524k(5024k free)

vm_info: Java HotSpot(TM) 64-Bit Server VM (25.91-b14) for windows-amd64 JRE (1.8.0_91-b14), built on Apr  1 2016 00:58:32 by "java_re" with MS VC++ 10.0 (VS2010)

time: Mon Sep 19 16:30:48 2016
elapsed time: 12 seconds (0d 0h 0m 12s)

