#
# There is insufficient memory for the Java Runtime Environment to continue.
# Native memory allocation (malloc) failed to allocate 875696 bytes for Chunk::new
# Possible reasons:
#   The system is out of physical RAM or swap space
#   In 32 bit mode, the process size limit was hit
# Possible solutions:
#   Reduce memory load on the system
#   Increase physical memory or swap space
#   Check if swap backing store is full
#   Use 64 bit Java on a 64 bit OS
#   Decrease Java heap size (-Xmx/-Xms)
#   Decrease number of Java threads
#   Decrease Java thread stack sizes (-Xss)
#   Set larger code cache with -XX:ReservedCodeCacheSize=
# This output file may be truncated or incomplete.
#
#  Out of Memory Error (allocation.cpp:390), pid=6252, tid=812
#
# JRE version: Java(TM) SE Runtime Environment (8.0_91-b14) (build 1.8.0_91-b14)
# Java VM: Java HotSpot(TM) 64-Bit Server VM (25.91-b14 mixed mode windows-amd64 compressed oops)
# Failed to write core dump. Minidumps are not enabled by default on client versions of Windows
#

---------------  T H R E A D  ---------------

Current thread (0x0000000014679800):  JavaThread "C2 CompilerThread1" daemon [_thread_in_native, id=812, stack(0x0000000015da0000,0x0000000015ea0000)]

Stack: [0x0000000015da0000,0x0000000015ea0000]
[error occurred during error reporting (printing stack bounds), id 0xc0000005]

Native frames: (J=compiled Java code, j=interpreted, Vv=VM code, C=native code)


Current CompileTask:
C2:   4972 1483       4       com.android.dx.ssa.SCCP::simulatePhi (169 bytes)


---------------  P R O C E S S  ---------------

Java Threads: ( => current thread )
  0x000000001620d800 JavaThread "pool-2-thread-4" [_thread_in_Java, id=3440, stack(0x00000000169a0000,0x0000000016aa0000)]
  0x000000001620d000 JavaThread "pool-2-thread-3" [_thread_in_Java, id=10528, stack(0x00000000168a0000,0x00000000169a0000)]
  0x0000000016217800 JavaThread "pool-2-thread-2" [_thread_in_Java, id=7476, stack(0x00000000167a0000,0x00000000168a0000)]
  0x00000000161f7800 JavaThread "pool-3-thread-1" [_thread_blocked, id=2916, stack(0x00000000166a0000,0x00000000167a0000)]
  0x00000000161f7000 JavaThread "pool-2-thread-1" [_thread_in_Java, id=11216, stack(0x00000000165a0000,0x00000000166a0000)]
  0x0000000015fa8000 JavaThread "Service Thread" daemon [_thread_blocked, id=8420, stack(0x00000000163a0000,0x00000000164a0000)]
  0x000000001467c000 JavaThread "C1 CompilerThread2" daemon [_thread_blocked, id=9264, stack(0x0000000015ea0000,0x0000000015fa0000)]
=>0x0000000014679800 JavaThread "C2 CompilerThread1" daemon [_thread_in_native, id=812, stack(0x0000000015da0000,0x0000000015ea0000)]
  0x0000000014629000 JavaThread "C2 CompilerThread0" daemon [_thread_in_native, id=8536, stack(0x0000000015ca0000,0x0000000015da0000)]
  0x0000000014627800 JavaThread "Attach Listener" daemon [_thread_blocked, id=10952, stack(0x0000000015ba0000,0x0000000015ca0000)]
  0x0000000014626000 JavaThread "Signal Dispatcher" daemon [_thread_blocked, id=6940, stack(0x0000000015aa0000,0x0000000015ba0000)]
  0x000000001460a800 JavaThread "Finalizer" daemon [_thread_blocked, id=9420, stack(0x00000000158a0000,0x00000000159a0000)]
  0x00000000145e9000 JavaThread "Reference Handler" daemon [_thread_blocked, id=10352, stack(0x00000000157a0000,0x00000000158a0000)]
  0x0000000001f0d800 JavaThread "main" [_thread_in_vm, id=8888, stack(0x00000000004e0000,0x00000000005e0000)]

Other Threads:
  0x00000000145e7800 VMThread [stack: 0x00000000156a0000,0x00000000157a0000] [id=6900]
  0x0000000015fbc800 WatcherThread [stack: 0x00000000164a0000,0x00000000165a0000] [id=10048]

VM state:not at safepoint (normal execution)

VM Mutex/Monitor currently owned by a thread: None

Heap:
 PSYoungGen      total 38400K, used 25611K [0x00000000eab00000, 0x00000000ed580000, 0x0000000100000000)
  eden space 33280K, 61% used [0x00000000eab00000,0x00000000ebf04bc0,0x00000000ecb80000)
  from space 5120K, 99% used [0x00000000ecb80000,0x00000000ed07e0a0,0x00000000ed080000)
  to   space 5120K, 0% used [0x00000000ed080000,0x00000000ed080000,0x00000000ed580000)
 ParOldGen       total 87552K, used 1782K [0x00000000c0000000, 0x00000000c5580000, 0x00000000eab00000)
  object space 87552K, 2% used [0x00000000c0000000,0x00000000c01bd968,0x00000000c5580000)
 Metaspace       used 6083K, capacity 7088K, committed 7296K, reserved 1056768K
  class space    used 596K, capacity 616K, committed 640K, reserved 1048576K

Card table byte_map: [0x0000000011310000,0x0000000011520000] byte_map_base: 0x0000000010d10000

Marking Bits: (ParMarkBitMap*) 0x0000000062572f70
 Begin Bits: [0x0000000011a80000, 0x0000000012a80000)
 End Bits:   [0x0000000012a80000, 0x0000000013a80000)

Polling page: 0x0000000000340000

CodeCache: size=245760Kb used=6560Kb max_used=6578Kb free=239199Kb
 bounds [0x0000000001f50000, 0x00000000025d0000, 0x0000000010f50000]
 total_blobs=1774 nmethods=1505 adapters=182
 compilation: enabled

Compilation events (10 events):
Event: 4.873 Thread 0x000000001467c000 1508       3       com.android.dx.ssa.LocalVariableExtractor::<init> (61 bytes)
Event: 4.873 Thread 0x000000001467c000 nmethod 1508 0x00000000025a8e10 code [0x00000000025a8fc0, 0x00000000025a94a8]
Event: 4.873 Thread 0x000000001467c000 1509       3       com.android.dx.ssa.SsaRenamer::<init> (100 bytes)
Event: 4.874 Thread 0x000000001467c000 nmethod 1509 0x00000000025a7c90 code [0x00000000025a7e80, 0x00000000025a8988]
Event: 4.874 Thread 0x000000001467c000 1510       3       com.android.dx.cf.code.ConcreteMethod::<init> (262 bytes)
Event: 4.875 Thread 0x000000001467c000 nmethod 1510 0x00000000025b28d0 code [0x00000000025b2ba0, 0x00000000025b3ff8]
Event: 4.925 Thread 0x0000000014679800 nmethod 1434 0x00000000025b9350 code [0x00000000025b9be0, 0x00000000025bda68]
Event: 4.925 Thread 0x0000000014679800 1506       4       com.android.dx.ssa.SsaBasicBlock::forEachInsn (37 bytes)
Event: 4.928 Thread 0x0000000014679800 nmethod 1506 0x00000000025a7650 code [0x00000000025a77c0, 0x00000000025a79c8]
Event: 4.928 Thread 0x0000000014679800 1483       4       com.android.dx.ssa.SCCP::simulatePhi (169 bytes)

GC Heap History (2 events):
Event: 4.239 GC heap before
{Heap before GC invocations=1 (full 0):
 PSYoungGen      total 38400K, used 33280K [0x00000000eab00000, 0x00000000ed580000, 0x0000000100000000)
  eden space 33280K, 100% used [0x00000000eab00000,0x00000000ecb80000,0x00000000ecb80000)
  from space 5120K, 0% used [0x00000000ed080000,0x00000000ed080000,0x00000000ed580000)
  to   space 5120K, 0% used [0x00000000ecb80000,0x00000000ecb80000,0x00000000ed080000)
 ParOldGen       total 87552K, used 0K [0x00000000c0000000, 0x00000000c5580000, 0x00000000eab00000)
  object space 87552K, 0% used [0x00000000c0000000,0x00000000c0000000,0x00000000c5580000)
 Metaspace       used 5959K, capacity 6960K, committed 7040K, reserved 1056768K
  class space    used 593K, capacity 616K, committed 640K, reserved 1048576K
Event: 4.470 GC heap after
Heap after GC invocations=1 (full 0):
 PSYoungGen      total 38400K, used 5112K [0x00000000eab00000, 0x00000000ed580000, 0x0000000100000000)
  eden space 33280K, 0% used [0x00000000eab00000,0x00000000eab00000,0x00000000ecb80000)
  from space 5120K, 99% used [0x00000000ecb80000,0x00000000ed07e0a0,0x00000000ed080000)
  to   space 5120K, 0% used [0x00000000ed080000,0x00000000ed080000,0x00000000ed580000)
 ParOldGen       total 87552K, used 1782K [0x00000000c0000000, 0x00000000c5580000, 0x00000000eab00000)
  object space 87552K, 2% used [0x00000000c0000000,0x00000000c01bd968,0x00000000c5580000)
 Metaspace       used 5959K, capacity 6960K, committed 7040K, reserved 1056768K
  class space    used 593K, capacity 616K, committed 640K, reserved 1048576K
}

Deoptimization events (10 events):
Event: 3.524 Thread 0x000000001620d800 Uncommon trap: reason=uninitialized action=reinterpret pc=0x00000000023f977c method=com.android.dx.cf.code.BytecodeArray.parseInstruction(ILcom/android/dx/cf/code/BytecodeArray$Visitor;)I @ 1031
Event: 3.528 Thread 0x000000001620d800 Uncommon trap: reason=unstable_if action=reinterpret pc=0x000000000223039c method=com.android.dx.rop.cst.Constant.compareTo(Lcom/android/dx/rop/cst/Constant;)I @ 12
Event: 4.719 Thread 0x00000000161f7000 Uncommon trap: reason=bimorphic action=maybe_recompile pc=0x00000000024c0b78 method=com.android.dx.ssa.LiteralOpUpgrader.tryReplacingWithConstant(Lcom/android/dx/ssa/NormalSsaInsn;)Z @ 52
Event: 4.731 Thread 0x0000000001f0d800 Uncommon trap: reason=unloaded action=reinterpret pc=0x0000000002525d4c method=com.android.dx.cf.cst.ConstantPoolParser.parse0(ILjava/util/BitSet;)Lcom/android/dx/rop/cst/Constant; @ 220
Event: 4.809 Thread 0x00000000161f7000 Uncommon trap: reason=unstable_if action=reinterpret pc=0x00000000022f2f3c method=com.android.dx.util.IntList.binarysearch(I)I @ 105
Event: 4.813 Thread 0x00000000161f7000 Uncommon trap: reason=bimorphic action=maybe_recompile pc=0x00000000024c0b78 method=com.android.dx.ssa.LiteralOpUpgrader.tryReplacingWithConstant(Lcom/android/dx/ssa/NormalSsaInsn;)Z @ 52
Event: 4.820 Thread 0x00000000161f7000 Uncommon trap: reason=bimorphic action=maybe_recompile pc=0x00000000024c0b78 method=com.android.dx.ssa.LiteralOpUpgrader.tryReplacingWithConstant(Lcom/android/dx/ssa/NormalSsaInsn;)Z @ 52
Event: 4.859 Thread 0x0000000001f0d800 Uncommon trap: reason=null_check action=make_not_entrant pc=0x00000000021e45d4 method=com.android.dx.ssa.SsaRenamer.getLocalForNewReg(I)Lcom/android/dx/rop/code/LocalItem; @ 19
Event: 4.871 Thread 0x0000000001f0d800 Uncommon trap: reason=bimorphic action=maybe_recompile pc=0x00000000022464e4 method=java.util.HashMap.getNode(ILjava/lang/Object;)Ljava/util/HashMap$Node; @ 126
Event: 4.872 Thread 0x0000000001f0d800 Uncommon trap: reason=class_check action=maybe_recompile pc=0x00000000023671dc method=java.util.HashMap.putVal(ILjava/lang/Object;Ljava/lang/Object;ZZ)Ljava/lang/Object; @ 203

Internal exceptions (4 events):
Event: 0.411 Thread 0x0000000001f0d800 Exception <a 'java/lang/NoSuchMethodError': Method sun.misc.Unsafe.defineClass(Ljava/lang/String;[BII)Ljava/lang/Class; name or signature does not match> (0x00000000eab07cc0) thrown at [C:\re\workspace\8-2-build-windows-amd64-cygwin\jdk8u91\6644\hotspot\srƒùOÙQ⁄?
Event: 0.411 Thread 0x0000000001f0d800 Exception <a 'java/lang/NoSuchMethodError': Method sun.misc.Unsafe.prefetchRead(Ljava/lang/Object;J)V name or signature does not match> (0x00000000eab07fa8) thrown at [C:\re\workspace\8-2-build-windows-amd64-cygwin\jdk8u91\6644\hotspot\src\share\vm\prims\j£Ñrù¸˘ˇ?
Event: 1.999 Thread 0x0000000001f0d800 Implicit null exception at 0x0000000002232d22 to 0x0000000002232e1a
Event: 4.859 Thread 0x0000000001f0d800 Implicit null exception at 0x00000000021e2bd7 to 0x00000000021e458d

Events (10 events):
Event: 4.820 Thread 0x00000000161f7000 DEOPT UNPACKING pc=0x0000000001f9582a sp=0x000000001669e688 mode 2
Event: 4.859 Thread 0x0000000001f0d800 Uncommon trap: trap_request=0xfffffff4 fr.pc=0x00000000021e45d4
Event: 4.859 Thread 0x0000000001f0d800 DEOPT PACKING pc=0x00000000021e45d4 sp=0x00000000005de530
Event: 4.859 Thread 0x0000000001f0d800 DEOPT UNPACKING pc=0x0000000001f9582a sp=0x00000000005de388 mode 2
Event: 4.871 Thread 0x0000000001f0d800 Uncommon trap: trap_request=0xffffffc6 fr.pc=0x00000000022464e4
Event: 4.871 Thread 0x0000000001f0d800 DEOPT PACKING pc=0x00000000022464e4 sp=0x00000000005de560
Event: 4.871 Thread 0x0000000001f0d800 DEOPT UNPACKING pc=0x0000000001f9582a sp=0x00000000005de4e0 mode 2
Event: 4.871 Thread 0x0000000001f0d800 Uncommon trap: trap_request=0xffffffde fr.pc=0x00000000023671dc
Event: 4.872 Thread 0x0000000001f0d800 DEOPT PACKING pc=0x00000000023671dc sp=0x00000000005de530
Event: 4.872 Thread 0x0000000001f0d800 DEOPT UNPACKING pc=0x0000000001f9582a sp=0x00000000005de4b8 mode 2


Dynamic libraries:
0x00007ff758d20000 - 0x00007ff758d57000 	C:\Program Files\Java\jdk1.8.0_91\bin\java.exe
0x00007ffa3e320000 - 0x00007ffa3e4cd000 	C:\Windows\SYSTEM32\ntdll.dll
0x00007ffa3df50000 - 0x00007ffa3e08e000 	C:\Windows\system32\KERNEL32.DLL
0x00007ffa3b7b0000 - 0x00007ffa3b8c5000 	C:\Windows\system32\KERNELBASE.dll
0x00007ffa3a020000 - 0x00007ffa3a0ae000 	C:\Windows\system32\apphelp.dll
0x00007ffa2a720000 - 0x00007ffa2a773000 	C:\Windows\AppPatch\AppPatch64\AcGenral.DLL
0x00007ffa3c400000 - 0x00007ffa3c4aa000 	C:\Windows\system32\msvcrt.dll
0x00007ffa3b920000 - 0x00007ffa3b94e000 	C:\Windows\system32\SspiCli.dll
0x00007ffa3bb00000 - 0x00007ffa3bb54000 	C:\Windows\system32\SHLWAPI.dll
0x00007ffa3bea0000 - 0x00007ffa3c017000 	C:\Windows\system32\USER32.dll
0x00007ffa3dab0000 - 0x00007ffa3dc44000 	C:\Windows\system32\ole32.dll
0x00007ffa3c4b0000 - 0x00007ffa3d9da000 	C:\Windows\system32\SHELL32.dll
0x00007ffa3aa80000 - 0x00007ffa3aaa1000 	C:\Windows\SYSTEM32\USERENV.dll
0x00007ffa3c080000 - 0x00007ffa3c12a000 	C:\Windows\system32\ADVAPI32.dll
0x00007ffa2c4b0000 - 0x00007ffa2c4ce000 	C:\Windows\SYSTEM32\MPR.dll
0x00007ffa3b9c0000 - 0x00007ffa3bb00000 	C:\Windows\system32\RPCRT4.dll
0x00007ffa3c020000 - 0x00007ffa3c079000 	C:\Windows\SYSTEM32\sechost.dll
0x00007ffa3dd30000 - 0x00007ffa3df41000 	C:\Windows\SYSTEM32\combase.dll
0x00007ffa3c2b0000 - 0x00007ffa3c400000 	C:\Windows\system32\GDI32.dll
0x00007ffa3b450000 - 0x00007ffa3b465000 	C:\Windows\SYSTEM32\profapi.dll
0x00007ffa399f0000 - 0x00007ffa39aa2000 	C:\Windows\SYSTEM32\SHCORE.dll
0x00007ffa3e090000 - 0x00007ffa3e0c6000 	C:\Windows\system32\IMM32.DLL
0x00007ffa3c140000 - 0x00007ffa3c292000 	C:\Windows\system32\MSCTF.dll
0x00007ffa39570000 - 0x00007ffa397eb000 	C:\Windows\WinSxS\amd64_microsoft.windows.common-controls_6595b64144ccf1df_6.0.9600.18006_none_623f33d3ecbe86e8\COMCTL32.dll
0x0000000062600000 - 0x00000000626d2000 	C:\Program Files\Java\jdk1.8.0_91\jre\bin\msvcr100.dll
0x0000000061d60000 - 0x00000000625f3000 	C:\Program Files\Java\jdk1.8.0_91\jre\bin\server\jvm.dll
0x00007ffa332a0000 - 0x00007ffa332a9000 	C:\Windows\SYSTEM32\WSOCK32.dll
0x00007ffa38a90000 - 0x00007ffa38ab2000 	C:\Windows\SYSTEM32\WINMM.dll
0x00007ffa33920000 - 0x00007ffa3392a000 	C:\Windows\SYSTEM32\VERSION.dll
0x00007ffa3bbc0000 - 0x00007ffa3bbc7000 	C:\Windows\system32\PSAPI.DLL
0x00007ffa3bb60000 - 0x00007ffa3bbba000 	C:\Windows\system32\WS2_32.dll
0x00007ffa38a60000 - 0x00007ffa38a8a000 	C:\Windows\SYSTEM32\WINMMBASE.dll
0x00007ffa3c130000 - 0x00007ffa3c139000 	C:\Windows\system32\NSI.dll
0x00007ffa3b8d0000 - 0x00007ffa3b91f000 	C:\Windows\SYSTEM32\cfgmgr32.dll
0x00007ffa3a280000 - 0x00007ffa3a2a8000 	C:\Windows\SYSTEM32\DEVOBJ.dll
0x0000000061d50000 - 0x0000000061d5f000 	C:\Program Files\Java\jdk1.8.0_91\jre\bin\verify.dll
0x0000000061d20000 - 0x0000000061d49000 	C:\Program Files\Java\jdk1.8.0_91\jre\bin\java.dll
0x0000000061d00000 - 0x0000000061d16000 	C:\Program Files\Java\jdk1.8.0_91\jre\bin\zip.dll

VM Arguments:
jvm_args: -Djava.awt.headless=true -Xmx1024M -Dfile.encoding=windows-1252 -Duser.country=FR -Duser.language=fr -Duser.variant 
java_command: com.android.dx.command.Main --dex --force-jumbo --num-threads=4 --multi-dex --output C:\Users\Lud'\Desktop\Inovatis\app\build\intermediates\transforms\dex\debug\folders\1000\10\com.android.support-recyclerview-v7-23.2.1_cbe662c537e78527a7d75ae51032d52628cb7dc8 C:\Users\Lud'\Desktop\Inovatis\app\build\intermediates\exploded-aar\com.android.support\recyclerview-v7\23.2.1\jars\classes.jar
java_class_path (initial): C:\Users\Lud'\AppData\Local\Android\sdk\build-tools\23.0.0\lib\dx.jar
Launcher Type: SUN_STANDARD

Environment Variables:
JAVA_HOME=C:\Program Files\Java\jdk1.8.0_40
PATH=C:\ProgramData\Oracle\Java\javapath;C:\Program Files\Broadcom\Broadcom 802.11 Network Adapter;C:\Program Files (x86)\Intel\iCLS Client\;C:\Program Files\Intel\iCLS Client\;C:\Windows\system32;C:\Windows;C:\Windows\System32\Wbem;C:\Windows\System32\WindowsPowerShell\v1.0\;C:\Program Files\Intel\Intel(R) Management Engine Components\DAL;C:\Program Files\Intel\Intel(R) Management Engine Components\IPT;C:\Program Files (x86)\Intel\Intel(R) Management Engine Components\DAL;C:\Program Files (x86)\Intel\Intel(R) Management Engine Components\IPT;C:\Program Files\WIDCOMM\Bluetooth Software\;C:\Program Files\WIDCOMM\Bluetooth Software\syswow64;C:\Program Files (x86)\Windows Kits\8.1\Windows Performance Toolkit\;C:\Program Files\Microsoft SQL Server\110\Tools\Binn\;C:\Program Files (x86)\Jahshaka\..\gtk2\bin;C:\Program Files (x86)\Jahshaka\..\mlt\bin;C:\Program Files (x86)\OpenLibraries\bin;C:\Program Files (x86)\Microsoft SDKs\TypeScript\1.0\;C:\Program Files\Microsoft SQL Server\120\Tools\Binn\;C:\Program Files (x86)\NVIDIA Corporation\PhysX\Common;C:\Program Files (x86)\Skype\Phone\;C:\Program Files (x86)\MySQL\MySQL Fabric 1.5 & MySQL Utilities 1.5\;C:\Program Files (x86)\MySQL\MySQL Fabric 1.5 & MySQL Utilities 1.5\Doctrine extensions for PHP\;C:\Program Files\Git\cmd;D:\wamp\bin\php\php5.5.12;C:\ProgramData\ComposerSetup\bin;C:\Program Files (x86)\Brackets\command;C:\Users\Lud'\AppData\Roaming\Composer\vendor\bin
USERNAME=Lud'
OS=Windows_NT
PROCESSOR_IDENTIFIER=Intel64 Family 6 Model 60 Stepping 3, GenuineIntel



---------------  S Y S T E M  ---------------

OS: Windows 8.1 , 64 bit Build 9600 (6.3.9600.17415)

CPU:total 4 (2 cores per cpu, 2 threads per core) family 6 model 60 stepping 3, cmov, cx8, fxsr, mmx, sse, sse2, sse3, ssse3, sse4.1, sse4.2, popcnt, avx, avx2, aes, clmul, erms, lzcnt, ht, tsc, tscinvbit, bmi1, bmi2

Memory: 4k page, physical 8268796k(913968k free), swap 11414524k(5772k free)

vm_info: Java HotSpot(TM) 64-Bit Server VM (25.91-b14) for windows-amd64 JRE (1.8.0_91-b14), built on Apr  1 2016 00:58:32 by "java_re" with MS VC++ 10.0 (VS2010)

time: Mon Sep 19 16:27:23 2016
elapsed time: 4 seconds (0d 0h 0m 4s)

