#
# There is insufficient memory for the Java Runtime Environment to continue.
# Native memory allocation (malloc) failed to allocate 707520 bytes for Chunk::new
# Possible reasons:
#   The system is out of physical RAM or swap space
#   In 32 bit mode, the process size limit was hit
# Possible solutions:
#   Reduce memory load on the system
#   Increase physical memory or swap space
#   Check if swap backing store is full
#   Use 64 bit Java on a 64 bit OS
#   Decrease Java heap size (-Xmx/-Xms)
#   Decrease number of Java threads
#   Decrease Java thread stack sizes (-Xss)
#   Set larger code cache with -XX:ReservedCodeCacheSize=
# This output file may be truncated or incomplete.
#
#  Out of Memory Error (allocation.cpp:390), pid=3384, tid=1136
#
# JRE version: Java(TM) SE Runtime Environment (8.0_91-b14) (build 1.8.0_91-b14)
# Java VM: Java HotSpot(TM) 64-Bit Server VM (25.91-b14 mixed mode windows-amd64 compressed oops)
# Failed to write core dump. Minidumps are not enabled by default on client versions of Windows
#

---------------  T H R E A D  ---------------

Current thread (0x0000000014d3e000):  JavaThread "C2 CompilerThread0" daemon [_thread_in_native, id=1136, stack(0x0000000016390000,0x0000000016490000)]

Stack: [0x0000000016390000,0x0000000016490000]
[error occurred during error reporting (printing stack bounds), id 0xc0000005]

Native frames: (J=compiled Java code, j=interpreted, Vv=VM code, C=native code)


Current CompileTask:
C2:  13504 2416       4       com.android.dx.dex.code.OutputFinisher::addConstants (93 bytes)


---------------  P R O C E S S  ---------------

Java Threads: ( => current thread )
  0x0000000016809800 JavaThread "pool-1-thread-1" [_thread_in_Java, id=10792, stack(0x0000000016c90000,0x0000000016d90000)]
  0x0000000016592800 JavaThread "Service Thread" daemon [_thread_blocked, id=10004, stack(0x0000000016a90000,0x0000000016b90000)]
  0x0000000016591000 JavaThread "C1 CompilerThread2" daemon [_thread_blocked, id=4716, stack(0x0000000016990000,0x0000000016a90000)]
  0x0000000014d43800 JavaThread "C2 CompilerThread1" daemon [_thread_in_native, id=8424, stack(0x0000000016490000,0x0000000016590000)]
=>0x0000000014d3e000 JavaThread "C2 CompilerThread0" daemon [_thread_in_native, id=1136, stack(0x0000000016390000,0x0000000016490000)]
  0x0000000014d3c800 JavaThread "Attach Listener" daemon [_thread_blocked, id=10908, stack(0x0000000016290000,0x0000000016390000)]
  0x0000000014d3b000 JavaThread "Signal Dispatcher" daemon [_thread_blocked, id=10524, stack(0x0000000016190000,0x0000000016290000)]
  0x0000000014d2a800 JavaThread "Finalizer" daemon [_thread_blocked, id=7964, stack(0x0000000015f90000,0x0000000016090000)]
  0x000000000265f800 JavaThread "Reference Handler" daemon [_thread_blocked, id=10032, stack(0x0000000015e90000,0x0000000015f90000)]
  0x0000000000d2d800 JavaThread "main" [_thread_blocked, id=6452, stack(0x0000000002470000,0x0000000002570000)]

Other Threads:
  0x0000000014d08800 VMThread [stack: 0x0000000015d90000,0x0000000015e90000] [id=8972]
  0x0000000016597000 WatcherThread [stack: 0x0000000016b90000,0x0000000016c90000] [id=7196]

VM state:not at safepoint (normal execution)

VM Mutex/Monitor currently owned by a thread: None

Heap:
 PSYoungGen      total 152576K, used 66556K [0x00000000eab00000, 0x00000000fe900000, 0x0000000100000000)
  eden space 131584K, 34% used [0x00000000eab00000,0x00000000ed7871e8,0x00000000f2b80000)
  from space 20992K, 99% used [0x00000000f2b80000,0x00000000f3ff8188,0x00000000f4000000)
  to   space 31232K, 0% used [0x00000000fca80000,0x00000000fca80000,0x00000000fe900000)
 ParOldGen       total 87552K, used 50158K [0x00000000c0000000, 0x00000000c5580000, 0x00000000eab00000)
  object space 87552K, 57% used [0x00000000c0000000,0x00000000c30fb9a8,0x00000000c5580000)
 Metaspace       used 6542K, capacity 7320K, committed 7680K, reserved 1056768K
  class space    used 623K, capacity 656K, committed 768K, reserved 1048576K

Card table byte_map: [0x0000000011a30000,0x0000000011c40000] byte_map_base: 0x0000000011430000

Marking Bits: (ParMarkBitMap*) 0x0000000062572f70
 Begin Bits: [0x00000000121a0000, 0x00000000131a0000)
 End Bits:   [0x00000000131a0000, 0x00000000141a0000)

Polling page: 0x0000000000c90000

CodeCache: size=245760Kb used=10005Kb max_used=10014Kb free=235754Kb
 bounds [0x0000000002670000, 0x0000000003040000, 0x0000000011670000]
 total_blobs=2486 nmethods=2216 adapters=182
 compilation: enabled

Compilation events (10 events):
Event: 13.026 Thread 0x0000000014d3e000 nmethod 2413 0x000000000303a550 code [0x000000000303a7c0, 0x000000000303c080]
Event: 13.026 Thread 0x0000000014d3e000 2426       4       java.util.HashMap::putVal (300 bytes)
Event: 13.035 Thread 0x0000000014d3e000 nmethod 2426 0x00000000030362d0 code [0x0000000003036480, 0x0000000003036bd0]
Event: 13.036 Thread 0x0000000014d3e000 2425       4       java.util.HashMap::put (13 bytes)
Event: 13.045 Thread 0x0000000014d3e000 nmethod 2425 0x0000000003037f90 code [0x0000000003038140, 0x0000000003038950]
Event: 13.045 Thread 0x0000000014d3e000 2416       4       com.android.dx.dex.code.OutputFinisher::addConstants (93 bytes)
Event: 13.335 Thread 0x0000000016591000 2438       2       com.android.dx.dex.code.StdCatchBuilder::getCatchTypes (97 bytes)
Event: 13.336 Thread 0x0000000016591000 nmethod 2438 0x00000000030372d0 code [0x00000000030374e0, 0x00000000030379e8]
Event: 13.350 Thread 0x0000000016591000 2439       2       com.android.dx.rop.code.SwitchInsn::getCatches (4 bytes)
Event: 13.350 Thread 0x0000000016591000 nmethod 2439 0x000000000303a210 code [0x000000000303a360, 0x000000000303a4b0]

GC Heap History (10 events):
Event: 3.545 GC heap before
{Heap before GC invocations=3 (full 0):
 PSYoungGen      total 71680K, used 71668K [0x00000000eab00000, 0x00000000ef600000, 0x0000000100000000)
  eden space 66560K, 100% used [0x00000000eab00000,0x00000000eec00000,0x00000000eec00000)
  from space 5120K, 99% used [0x00000000ef100000,0x00000000ef5fd130,0x00000000ef600000)
  to   space 5120K, 0% used [0x00000000eec00000,0x00000000eec00000,0x00000000ef100000)
 ParOldGen       total 87552K, used 6711K [0x00000000c0000000, 0x00000000c5580000, 0x00000000eab00000)
  object space 87552K, 7% used [0x00000000c0000000,0x00000000c068dc80,0x00000000c5580000)
 Metaspace       used 6270K, capacity 7128K, committed 7424K, reserved 1056768K
  class space    used 616K, capacity 656K, committed 768K, reserved 1048576K
Event: 3.574 GC heap after
Heap after GC invocations=3 (full 0):
 PSYoungGen      total 71680K, used 5106K [0x00000000eab00000, 0x00000000ef600000, 0x0000000100000000)
  eden space 66560K, 0% used [0x00000000eab00000,0x00000000eab00000,0x00000000eec00000)
  from space 5120K, 99% used [0x00000000eec00000,0x00000000ef0fc930,0x00000000ef100000)
  to   space 5120K, 0% used [0x00000000ef100000,0x00000000ef100000,0x00000000ef600000)
 ParOldGen       total 87552K, used 15607K [0x00000000c0000000, 0x00000000c5580000, 0x00000000eab00000)
  object space 87552K, 17% used [0x00000000c0000000,0x00000000c0f3def0,0x00000000c5580000)
 Metaspace       used 6270K, capacity 7128K, committed 7424K, reserved 1056768K
  class space    used 616K, capacity 656K, committed 768K, reserved 1048576K
}
Event: 3.953 GC heap before
{Heap before GC invocations=4 (full 0):
 PSYoungGen      total 71680K, used 71666K [0x00000000eab00000, 0x00000000ef600000, 0x0000000100000000)
  eden space 66560K, 100% used [0x00000000eab00000,0x00000000eec00000,0x00000000eec00000)
  from space 5120K, 99% used [0x00000000eec00000,0x00000000ef0fc930,0x00000000ef100000)
  to   space 5120K, 0% used [0x00000000ef100000,0x00000000ef100000,0x00000000ef600000)
 ParOldGen       total 87552K, used 15607K [0x00000000c0000000, 0x00000000c5580000, 0x00000000eab00000)
  object space 87552K, 17% used [0x00000000c0000000,0x00000000c0f3def0,0x00000000c5580000)
 Metaspace       used 6324K, capacity 7192K, committed 7424K, reserved 1056768K
  class space    used 616K, capacity 656K, committed 768K, reserved 1048576K
Event: 4.227 GC heap after
Heap after GC invocations=4 (full 0):
 PSYoungGen      total 71680K, used 5097K [0x00000000eab00000, 0x00000000f3700000, 0x0000000100000000)
  eden space 66560K, 0% used [0x00000000eab00000,0x00000000eab00000,0x00000000eec00000)
  from space 5120K, 99% used [0x00000000ef100000,0x00000000ef5fa578,0x00000000ef600000)
  to   space 5120K, 0% used [0x00000000eec00000,0x00000000eec00000,0x00000000ef100000)
 ParOldGen       total 87552K, used 24838K [0x00000000c0000000, 0x00000000c5580000, 0x00000000eab00000)
  object space 87552K, 28% used [0x00000000c0000000,0x00000000c1841910,0x00000000c5580000)
 Metaspace       used 6324K, capacity 7192K, committed 7424K, reserved 1056768K
  class space    used 616K, capacity 656K, committed 768K, reserved 1048576K
}
Event: 5.273 GC heap before
{Heap before GC invocations=5 (full 0):
 PSYoungGen      total 71680K, used 71657K [0x00000000eab00000, 0x00000000f3700000, 0x0000000100000000)
  eden space 66560K, 100% used [0x00000000eab00000,0x00000000eec00000,0x00000000eec00000)
  from space 5120K, 99% used [0x00000000ef100000,0x00000000ef5fa578,0x00000000ef600000)
  to   space 5120K, 0% used [0x00000000eec00000,0x00000000eec00000,0x00000000ef100000)
 ParOldGen       total 87552K, used 24838K [0x00000000c0000000, 0x00000000c5580000, 0x00000000eab00000)
  object space 87552K, 28% used [0x00000000c0000000,0x00000000c1841910,0x00000000c5580000)
 Metaspace       used 6368K, capacity 7192K, committed 7424K, reserved 1056768K
  class space    used 616K, capacity 656K, committed 768K, reserved 1048576K
Event: 5.405 GC heap after
Heap after GC invocations=5 (full 0):
 PSYoungGen      total 71680K, used 5119K [0x00000000eab00000, 0x00000000f5300000, 0x0000000100000000)
  eden space 66560K, 0% used [0x00000000eab00000,0x00000000eab00000,0x00000000eec00000)
  from space 5120K, 99% used [0x00000000eec00000,0x00000000ef0ffe80,0x00000000ef100000)
  to   space 19456K, 0% used [0x00000000f4000000,0x00000000f4000000,0x00000000f5300000)
 ParOldGen       total 87552K, used 35542K [0x00000000c0000000, 0x00000000c5580000, 0x00000000eab00000)
  object space 87552K, 40% used [0x00000000c0000000,0x00000000c22b5b18,0x00000000c5580000)
 Metaspace       used 6368K, capacity 7192K, committed 7424K, reserved 1056768K
  class space    used 616K, capacity 656K, committed 768K, reserved 1048576K
}
Event: 6.751 GC heap before
{Heap before GC invocations=6 (full 0):
 PSYoungGen      total 71680K, used 71679K [0x00000000eab00000, 0x00000000f5300000, 0x0000000100000000)
  eden space 66560K, 100% used [0x00000000eab00000,0x00000000eec00000,0x00000000eec00000)
  from space 5120K, 99% used [0x00000000eec00000,0x00000000ef0ffe80,0x00000000ef100000)
  to   space 19456K, 0% used [0x00000000f4000000,0x00000000f4000000,0x00000000f5300000)
 ParOldGen       total 87552K, used 35542K [0x00000000c0000000, 0x00000000c5580000, 0x00000000eab00000)
  object space 87552K, 40% used [0x00000000c0000000,0x00000000c22b5b18,0x00000000c5580000)
 Metaspace       used 6382K, capacity 7192K, committed 7424K, reserved 1056768K
  class space    used 616K, capacity 656K, committed 768K, reserved 1048576K
Event: 6.858 GC heap after
Heap after GC invocations=6 (full 0):
 PSYoungGen      total 151040K, used 16338K [0x00000000eab00000, 0x00000000f5600000, 0x0000000100000000)
  eden space 131584K, 0% used [0x00000000eab00000,0x00000000eab00000,0x00000000f2b80000)
  from space 19456K, 83% used [0x00000000f4000000,0x00000000f4ff48b0,0x00000000f5300000)
  to   space 20992K, 0% used [0x00000000f2b80000,0x00000000f2b80000,0x00000000f4000000)
 ParOldGen       total 87552K, used 35542K [0x00000000c0000000, 0x00000000c5580000, 0x00000000eab00000)
  object space 87552K, 40% used [0x00000000c0000000,0x00000000c22b5b18,0x00000000c5580000)
 Metaspace       used 6382K, capacity 7192K, committed 7424K, reserved 1056768K
  class space    used 616K, capacity 656K, committed 768K, reserved 1048576K
}
Event: 12.158 GC heap before
{Heap before GC invocations=7 (full 0):
 PSYoungGen      total 151040K, used 147922K [0x00000000eab00000, 0x00000000f5600000, 0x0000000100000000)
  eden space 131584K, 100% used [0x00000000eab00000,0x00000000f2b80000,0x00000000f2b80000)
  from space 19456K, 83% used [0x00000000f4000000,0x00000000f4ff48b0,0x00000000f5300000)
  to   space 20992K, 0% used [0x00000000f2b80000,0x00000000f2b80000,0x00000000f4000000)
 ParOldGen       total 87552K, used 35542K [0x00000000c0000000, 0x00000000c5580000, 0x00000000eab00000)
  object space 87552K, 40% used [0x00000000c0000000,0x00000000c22b5b18,0x00000000c5580000)
 Metaspace       used 6433K, capacity 7256K, committed 7424K, reserved 1056768K
  class space    used 617K, capacity 656K, committed 768K, reserved 1048576K
Event: 12.477 GC heap after
Heap after GC invocations=7 (full 0):
 PSYoungGen      total 152576K, used 20960K [0x00000000eab00000, 0x00000000fe900000, 0x0000000100000000)
  eden space 131584K, 0% used [0x00000000eab00000,0x00000000eab00000,0x00000000f2b80000)
  from space 20992K, 99% used [0x00000000f2b80000,0x00000000f3ff8188,0x00000000f4000000)
  to   space 31232K, 0% used [0x00000000fca80000,0x00000000fca80000,0x00000000fe900000)
 ParOldGen       total 87552K, used 50158K [0x00000000c0000000, 0x00000000c5580000, 0x00000000eab00000)
  object space 87552K, 57% used [0x00000000c0000000,0x00000000c30fb9a8,0x00000000c5580000)
 Metaspace       used 6433K, capacity 7256K, committed 7424K, reserved 1056768K
  class space    used 617K, capacity 656K, committed 768K, reserved 1048576K
}

Deoptimization events (10 events):
Event: 12.707 Thread 0x0000000016809800 Uncommon trap: reason=class_check action=maybe_recompile pc=0x0000000002aa0ac8 method=java.util.Arrays.hashCode([Ljava/lang/Object;)I @ 43
Event: 12.707 Thread 0x0000000016809800 Uncommon trap: reason=class_check action=maybe_recompile pc=0x0000000002aa10a8 method=java.util.Arrays.hashCode([Ljava/lang/Object;)I @ 43
Event: 12.963 Thread 0x0000000016809800 Uncommon trap: reason=class_check action=maybe_recompile pc=0x0000000002cb8d90 method=java.util.HashMap.putVal(ILjava/lang/Object;Ljava/lang/Object;ZZ)Ljava/lang/Object; @ 203
Event: 12.966 Thread 0x0000000016809800 Uncommon trap: reason=class_check action=maybe_recompile pc=0x0000000002cb8d90 method=java.util.HashMap.putVal(ILjava/lang/Object;Ljava/lang/Object;ZZ)Ljava/lang/Object; @ 203
Event: 12.967 Thread 0x0000000016809800 Uncommon trap: reason=class_check action=maybe_recompile pc=0x0000000002cb8d90 method=java.util.HashMap.putVal(ILjava/lang/Object;Ljava/lang/Object;ZZ)Ljava/lang/Object; @ 203
Event: 12.967 Thread 0x0000000016809800 Uncommon trap: reason=class_check action=maybe_recompile pc=0x0000000002cb8d90 method=java.util.HashMap.putVal(ILjava/lang/Object;Ljava/lang/Object;ZZ)Ljava/lang/Object; @ 203
Event: 13.003 Thread 0x0000000016809800 Uncommon trap: reason=bimorphic action=maybe_recompile pc=0x000000000302bacc method=java.util.HashMap.putVal(ILjava/lang/Object;Ljava/lang/Object;ZZ)Ljava/lang/Object; @ 203
Event: 13.003 Thread 0x0000000016809800 Uncommon trap: reason=bimorphic action=maybe_recompile pc=0x000000000302bacc method=java.util.HashMap.putVal(ILjava/lang/Object;Ljava/lang/Object;ZZ)Ljava/lang/Object; @ 203
Event: 13.003 Thread 0x0000000016809800 Uncommon trap: reason=bimorphic action=maybe_recompile pc=0x000000000302bacc method=java.util.HashMap.putVal(ILjava/lang/Object;Ljava/lang/Object;ZZ)Ljava/lang/Object; @ 203
Event: 13.003 Thread 0x0000000016809800 Uncommon trap: reason=bimorphic action=maybe_recompile pc=0x000000000302bacc method=java.util.HashMap.putVal(ILjava/lang/Object;Ljava/lang/Object;ZZ)Ljava/lang/Object; @ 203

Internal exceptions (8 events):
Event: 0.087 Thread 0x0000000000d2d800 Exception <a 'java/lang/NoSuchMethodError': Method sun.misc.Unsafe.defineClass(Ljava/lang/String;[BII)Ljava/lang/Class; name or signature does not match> (0x00000000eab07cc0) thrown at [C:\re\workspace\8-2-build-windows-amd64-cygwin\jdk8u91\6644\hotspot\sr‹…@Jg¶?
Event: 0.088 Thread 0x0000000000d2d800 Exception <a 'java/lang/NoSuchMethodError': Method sun.misc.Unsafe.prefetchRead(Ljava/lang/Object;J)V name or signature does not match> (0x00000000eab07fa8) thrown at [C:\re\workspace\8-2-build-windows-amd64-cygwin\jdk8u91\6644\hotspot\src\share\vm\prims\j{É~¯jô?
Event: 1.276 Thread 0x0000000016809800 Implicit null exception at 0x000000000298cab3 to 0x000000000298e359
Event: 1.276 Thread 0x0000000016809800 Implicit null exception at 0x00000000029ad011 to 0x00000000029ae33d
Event: 2.711 Thread 0x00000000167fe800 Exception <a 'java/lang/ArrayIndexOutOfBoundsException': 18> (0x00000000ed549618) thrown at [C:\re\workspace\8-2-build-windows-amd64-cygwin\jdk8u91\6644\hotspot\src\share\vm\interpreter\interpreterRuntime.cpp, line 366]
Event: 2.712 Thread 0x00000000167fe800 Exception <a 'java/lang/ArrayIndexOutOfBoundsException'> (0x00000000ed54b198) thrown at [C:\re\workspace\8-2-build-windows-amd64-cygwin\jdk8u91\6644\hotspot\src\share\vm\runtime\sharedRuntime.cpp, line 605]
Event: 2.713 Thread 0x00000000167fe800 Exception <a 'java/lang/ArrayIndexOutOfBoundsException'> (0x00000000ed54c480) thrown at [C:\re\workspace\8-2-build-windows-amd64-cygwin\jdk8u91\6644\hotspot\src\share\vm\runtime\sharedRuntime.cpp, line 605]
Event: 12.057 Thread 0x0000000016809800 Implicit null exception at 0x0000000002cd2200 to 0x0000000002cd3f71

Events (10 events):
Event: 13.003 Thread 0x0000000016809800 DEOPT UNPACKING pc=0x00000000026b582a sp=0x0000000016d8ea50 mode 2
Event: 13.003 Thread 0x0000000016809800 Uncommon trap: trap_request=0xffffffc6 fr.pc=0x000000000302bacc
Event: 13.003 Thread 0x0000000016809800 DEOPT PACKING pc=0x000000000302bacc sp=0x0000000016d8eb30
Event: 13.003 Thread 0x0000000016809800 DEOPT UNPACKING pc=0x00000000026b582a sp=0x0000000016d8ea50 mode 2
Event: 13.003 Thread 0x0000000016809800 Uncommon trap: trap_request=0xffffffc6 fr.pc=0x000000000302bacc
Event: 13.003 Thread 0x0000000016809800 DEOPT PACKING pc=0x000000000302bacc sp=0x0000000016d8eb30
Event: 13.003 Thread 0x0000000016809800 DEOPT UNPACKING pc=0x00000000026b582a sp=0x0000000016d8ea50 mode 2
Event: 13.003 Thread 0x0000000016809800 Uncommon trap: trap_request=0xffffffc6 fr.pc=0x000000000302bacc
Event: 13.003 Thread 0x0000000016809800 DEOPT PACKING pc=0x000000000302bacc sp=0x0000000016d8eb30
Event: 13.003 Thread 0x0000000016809800 DEOPT UNPACKING pc=0x00000000026b582a sp=0x0000000016d8ea50 mode 2


Dynamic libraries:
0x00007ff758d20000 - 0x00007ff758d57000 	C:\Program Files\Java\jdk1.8.0_91\bin\java.exe
0x00007ffa3e320000 - 0x00007ffa3e4cd000 	C:\Windows\SYSTEM32\ntdll.dll
0x00007ffa3df50000 - 0x00007ffa3e08e000 	C:\Windows\system32\KERNEL32.DLL
0x00007ffa3b7b0000 - 0x00007ffa3b8c5000 	C:\Windows\system32\KERNELBASE.dll
0x00007ffa3a020000 - 0x00007ffa3a0ae000 	C:\Windows\system32\apphelp.dll
0x00007ffa2a720000 - 0x00007ffa2a773000 	C:\Windows\AppPatch\AppPatch64\AcGenral.DLL
0x00007ffa3c400000 - 0x00007ffa3c4aa000 	C:\Windows\system32\msvcrt.dll
0x00007ffa3b920000 - 0x00007ffa3b94e000 	C:\Windows\system32\SspiCli.dll
0x00007ffa3bb00000 - 0x00007ffa3bb54000 	C:\Windows\system32\SHLWAPI.dll
0x00007ffa3bea0000 - 0x00007ffa3c017000 	C:\Windows\system32\USER32.dll
0x00007ffa3dab0000 - 0x00007ffa3dc44000 	C:\Windows\system32\ole32.dll
0x00007ffa3c4b0000 - 0x00007ffa3d9da000 	C:\Windows\system32\SHELL32.dll
0x00007ffa3aa80000 - 0x00007ffa3aaa1000 	C:\Windows\SYSTEM32\USERENV.dll
0x00007ffa3c080000 - 0x00007ffa3c12a000 	C:\Windows\system32\ADVAPI32.dll
0x00007ffa2c4b0000 - 0x00007ffa2c4ce000 	C:\Windows\SYSTEM32\MPR.dll
0x00007ffa3b9c0000 - 0x00007ffa3bb00000 	C:\Windows\system32\RPCRT4.dll
0x00007ffa3c020000 - 0x00007ffa3c079000 	C:\Windows\SYSTEM32\sechost.dll
0x00007ffa3dd30000 - 0x00007ffa3df41000 	C:\Windows\SYSTEM32\combase.dll
0x00007ffa3c2b0000 - 0x00007ffa3c400000 	C:\Windows\system32\GDI32.dll
0x00007ffa3b450000 - 0x00007ffa3b465000 	C:\Windows\SYSTEM32\profapi.dll
0x00007ffa399f0000 - 0x00007ffa39aa2000 	C:\Windows\SYSTEM32\SHCORE.dll
0x00007ffa3e090000 - 0x00007ffa3e0c6000 	C:\Windows\system32\IMM32.DLL
0x00007ffa3c140000 - 0x00007ffa3c292000 	C:\Windows\system32\MSCTF.dll
0x00007ffa39570000 - 0x00007ffa397eb000 	C:\Windows\WinSxS\amd64_microsoft.windows.common-controls_6595b64144ccf1df_6.0.9600.18006_none_623f33d3ecbe86e8\COMCTL32.dll
0x0000000062600000 - 0x00000000626d2000 	C:\Program Files\Java\jdk1.8.0_91\jre\bin\msvcr100.dll
0x0000000061d60000 - 0x00000000625f3000 	C:\Program Files\Java\jdk1.8.0_91\jre\bin\server\jvm.dll
0x00007ffa332a0000 - 0x00007ffa332a9000 	C:\Windows\SYSTEM32\WSOCK32.dll
0x00007ffa38a90000 - 0x00007ffa38ab2000 	C:\Windows\SYSTEM32\WINMM.dll
0x00007ffa33920000 - 0x00007ffa3392a000 	C:\Windows\SYSTEM32\VERSION.dll
0x00007ffa3bbc0000 - 0x00007ffa3bbc7000 	C:\Windows\system32\PSAPI.DLL
0x00007ffa3bb60000 - 0x00007ffa3bbba000 	C:\Windows\system32\WS2_32.dll
0x00007ffa38a60000 - 0x00007ffa38a8a000 	C:\Windows\SYSTEM32\WINMMBASE.dll
0x00007ffa3c130000 - 0x00007ffa3c139000 	C:\Windows\system32\NSI.dll
0x00007ffa3b8d0000 - 0x00007ffa3b91f000 	C:\Windows\SYSTEM32\cfgmgr32.dll
0x00007ffa3a280000 - 0x00007ffa3a2a8000 	C:\Windows\SYSTEM32\DEVOBJ.dll
0x0000000061d50000 - 0x0000000061d5f000 	C:\Program Files\Java\jdk1.8.0_91\jre\bin\verify.dll
0x0000000061d20000 - 0x0000000061d49000 	C:\Program Files\Java\jdk1.8.0_91\jre\bin\java.dll
0x0000000061d00000 - 0x0000000061d16000 	C:\Program Files\Java\jdk1.8.0_91\jre\bin\zip.dll

VM Arguments:
jvm_args: -Djava.awt.headless=true -Xmx1024M -Dfile.encoding=windows-1252 -Duser.country=FR -Duser.language=fr -Duser.variant 
java_command: com.android.dx.command.Main --dex --force-jumbo --num-threads=4 --multi-dex --output C:\Users\Lud'\Desktop\Inovatis\app\build\intermediates\transforms\dex\debug\folders\1000\10\com.android.support-support-v4-23.2.1_df991720ae4c286d73ade465e667c11ba7634fa8 C:\Users\Lud'\Desktop\Inovatis\app\build\intermediates\exploded-aar\com.android.support\support-v4\23.2.1\jars\classes.jar
java_class_path (initial): C:\Users\Lud'\AppData\Local\Android\sdk\build-tools\23.0.0\lib\dx.jar
Launcher Type: SUN_STANDARD

Environment Variables:
JAVA_HOME=C:\Program Files\Java\jdk1.8.0_40
PATH=C:\ProgramData\Oracle\Java\javapath;C:\Program Files\Broadcom\Broadcom 802.11 Network Adapter;C:\Program Files (x86)\Intel\iCLS Client\;C:\Program Files\Intel\iCLS Client\;C:\Windows\system32;C:\Windows;C:\Windows\System32\Wbem;C:\Windows\System32\WindowsPowerShell\v1.0\;C:\Program Files\Intel\Intel(R) Management Engine Components\DAL;C:\Program Files\Intel\Intel(R) Management Engine Components\IPT;C:\Program Files (x86)\Intel\Intel(R) Management Engine Components\DAL;C:\Program Files (x86)\Intel\Intel(R) Management Engine Components\IPT;C:\Program Files\WIDCOMM\Bluetooth Software\;C:\Program Files\WIDCOMM\Bluetooth Software\syswow64;C:\Program Files (x86)\Windows Kits\8.1\Windows Performance Toolkit\;C:\Program Files\Microsoft SQL Server\110\Tools\Binn\;C:\Program Files (x86)\Jahshaka\..\gtk2\bin;C:\Program Files (x86)\Jahshaka\..\mlt\bin;C:\Program Files (x86)\OpenLibraries\bin;C:\Program Files (x86)\Microsoft SDKs\TypeScript\1.0\;C:\Program Files\Microsoft SQL Server\120\Tools\Binn\;C:\Program Files (x86)\NVIDIA Corporation\PhysX\Common;C:\Program Files (x86)\Skype\Phone\;C:\Program Files (x86)\MySQL\MySQL Fabric 1.5 & MySQL Utilities 1.5\;C:\Program Files (x86)\MySQL\MySQL Fabric 1.5 & MySQL Utilities 1.5\Doctrine extensions for PHP\;C:\Program Files\Git\cmd;D:\wamp\bin\php\php5.5.12;C:\ProgramData\ComposerSetup\bin;C:\Program Files (x86)\Brackets\command;C:\Users\Lud'\AppData\Roaming\Composer\vendor\bin
USERNAME=Lud'
OS=Windows_NT
PROCESSOR_IDENTIFIER=Intel64 Family 6 Model 60 Stepping 3, GenuineIntel



---------------  S Y S T E M  ---------------

OS: Windows 8.1 , 64 bit Build 9600 (6.3.9600.17415)

CPU:total 4 (2 cores per cpu, 2 threads per core) family 6 model 60 stepping 3, cmov, cx8, fxsr, mmx, sse, sse2, sse3, ssse3, sse4.1, sse4.2, popcnt, avx, avx2, aes, clmul, erms, lzcnt, ht, tsc, tscinvbit, bmi1, bmi2

Memory: 4k page, physical 8268796k(788968k free), swap 11414524k(5712k free)

vm_info: Java HotSpot(TM) 64-Bit Server VM (25.91-b14) for windows-amd64 JRE (1.8.0_91-b14), built on Apr  1 2016 00:58:32 by "java_re" with MS VC++ 10.0 (VS2010)

time: Mon Sep 19 16:31:11 2016
elapsed time: 13 seconds (0d 0h 0m 13s)

